[07/12/21, 14:35:01:588] info: 
╔══════════════════════════════════════════════════════╗
║      Slack 4.17.0, linux 5.12.15-arch1-1 on x64      ║
╚══════════════════════════════════════════════════════╝ 
[07/12/21, 14:35:01:588] info: Configured logger via 
{
  "enableConsoleTransport": true,
  "identifierOverride": "webapp-auth-console",
  "shouldUseNewBackend": false,
  "loggerInstanceCount": 4
}
[07/12/21, 14:35:01:589] info: Predefined values for process 
{
  "NODE_ENV": "production",
  "platform": "linux",
  "type": "browser",
  "timeZone": "America/Chicago",
  "PACKAGE_MANIFEST.productName": "Slack",
  "PACKAGE_MANIFEST.version": "4.17.0",
  "PACKAGE_MANIFEST.commit": "73b05b8",
  "PACKAGE_MANIFEST.branch": "HEAD"
}
[07/12/21, 14:58:37:361] info: 
╔══════════════════════════════════════════════════════╗
║      Slack 4.17.0, linux 5.12.15-arch1-1 on x64      ║
╚══════════════════════════════════════════════════════╝ 
[07/12/21, 14:58:37:361] info: Configured logger via 
{
  "enableConsoleTransport": true,
  "identifierOverride": "webapp-auth-console",
  "shouldUseNewBackend": false,
  "loggerInstanceCount": 5
}
[07/12/21, 14:58:37:361] info: Predefined values for process 
{
  "NODE_ENV": "production",
  "platform": "linux",
  "type": "browser",
  "timeZone": "America/Chicago",
  "PACKAGE_MANIFEST.productName": "Slack",
  "PACKAGE_MANIFEST.version": "4.17.0",
  "PACKAGE_MANIFEST.commit": "73b05b8",
  "PACKAGE_MANIFEST.branch": "HEAD"
}
[07/12/21, 14:59:49:330] info: 
╔══════════════════════════════════════════════════════╗
║      Slack 4.17.0, linux 5.12.15-arch1-1 on x64      ║
╚══════════════════════════════════════════════════════╝ 
[07/12/21, 14:59:49:330] info: Configured logger via 
{
  "enableConsoleTransport": true,
  "identifierOverride": "webapp-auth-console",
  "shouldUseNewBackend": false,
  "loggerInstanceCount": 6
}
[07/12/21, 14:59:49:331] info: Predefined values for process 
{
  "NODE_ENV": "production",
  "platform": "linux",
  "type": "browser",
  "timeZone": "America/Chicago",
  "PACKAGE_MANIFEST.productName": "Slack",
  "PACKAGE_MANIFEST.version": "4.17.0",
  "PACKAGE_MANIFEST.commit": "73b05b8",
  "PACKAGE_MANIFEST.branch": "HEAD"
}
[07/12/21, 14:59:56:278] info: 
╔══════════════════════════════════════════════════════╗
║      Slack 4.17.0, linux 5.12.15-arch1-1 on x64      ║
╚══════════════════════════════════════════════════════╝ 
[07/12/21, 14:59:56:279] info: Configured logger via 
{
  "enableConsoleTransport": true,
  "identifierOverride": "webapp-auth-console",
  "shouldUseNewBackend": false,
  "loggerInstanceCount": 7
}
[07/12/21, 14:59:56:279] info: Predefined values for process 
{
  "NODE_ENV": "production",
  "platform": "linux",
  "type": "browser",
  "timeZone": "America/Chicago",
  "PACKAGE_MANIFEST.productName": "Slack",
  "PACKAGE_MANIFEST.version": "4.17.0",
  "PACKAGE_MANIFEST.commit": "73b05b8",
  "PACKAGE_MANIFEST.branch": "HEAD"
}
